
RAxML-NG v. 0.8.0 BETA released on 11.01.2019 by The Exelixis Lab.
Authors: Alexey Kozlov, Alexandros Stamatakis, Diego Darriba, Tomas Flouri, Benoit Morel.
Latest version: https://github.com/amkozlov/raxml-ng
Questions/problems/suggestions? Please visit: https://groups.google.com/forum/#!forum/raxml

WARNING: This is a BETA release, please use at your own risk!

RAxML-NG was called at 15-Apr-2019 21:55:46 as follows:

raxml-ng --all --msa RAPTORB_NCBI_BLAST_viridiplantae250hits_alignment.fasta --model Blosum62 --prefix R1_blos --seed 2 --threads 4

Analysis options:
  run mode: ML tree search + bootstrapping (Felsenstein Bootstrap)
  start tree(s): random (10) + parsimony (10)
  bootstrap replicates: max: 1000 + bootstopping (autoMRE, cutoff: 0.030000)
  random seed: 2
  tip-inner: OFF
  pattern compression: ON
  per-rate scalers: OFF
  site repeats: ON
  branch lengths: proportional (ML estimate, algorithm: NR-FAST)
  SIMD kernels: AVX
  parallelization: PTHREADS (4 threads), thread pinning: OFF

[00:00:00] Reading alignment from file: RAPTORB_NCBI_BLAST_viridiplantae250hits_alignment.fasta
[00:00:00] Loaded alignment with 250 taxa and 2028 sites

WARNING: Fully undetermined columns found: 1

NOTE: Reduced alignment (with duplicates and gap-only sites/taxa removed) 
NOTE: was saved to: /home/chrisfm/EEOB563_S19FinalProject/seq/R1_blos.raxml.reduced.phy

Alignment comprises 1 partitions and 1660 patterns

Partition 0: noname
Model: BLOSUM62
Alignment sites / patterns: 2027 / 1660
Gaps: 34.09 %
Invariant sites: 19.63 %


NOTE: Binary MSA file created: R1_blos.raxml.rba

[00:00:00] Generating 10 random starting tree(s) with 250 taxa
[00:00:00] Generating 10 parsimony starting tree(s) with 250 taxa
[00:00:03] Data distribution: max. partitions/sites/weight per thread: 1 / 415 / 8300

Starting ML tree search with 20 distinct starting trees

[00:05:27] ML tree search #1, logLikelihood: -69515.317402
[00:10:47] ML tree search #2, logLikelihood: -69518.455430
[00:16:00] ML tree search #3, logLikelihood: -69510.577018
[00:20:35] ML tree search #4, logLikelihood: -69515.253287
[00:24:58] ML tree search #5, logLikelihood: -69527.212823
[00:30:48] ML tree search #6, logLikelihood: -69510.864953
[00:35:26] ML tree search #7, logLikelihood: -69531.406319
[00:40:54] ML tree search #8, logLikelihood: -69521.090224
[00:46:23] ML tree search #9, logLikelihood: -69510.530440
[00:51:00] ML tree search #10, logLikelihood: -69518.649207
[00:54:11] ML tree search #11, logLikelihood: -69514.769283
[00:57:43] ML tree search #12, logLikelihood: -69510.166454

RAxML-NG v. 0.8.0 BETA released on 11.01.2019 by The Exelixis Lab.
Authors: Alexey Kozlov, Alexandros Stamatakis, Diego Darriba, Tomas Flouri, Benoit Morel.
Latest version: https://github.com/amkozlov/raxml-ng
Questions/problems/suggestions? Please visit: https://groups.google.com/forum/#!forum/raxml

WARNING: This is a BETA release, please use at your own risk!

RAxML-NG was called at 15-Apr-2019 23:08:02 as follows:

raxml-ng --all --msa RAPTORB_NCBI_BLAST_viridiplantae250hits_alignment.fasta --model Blosum62 --prefix R1_blos --seed 2 --threads 4

Analysis options:
  run mode: ML tree search + bootstrapping (Felsenstein Bootstrap)
  start tree(s): random (10) + parsimony (10)
  bootstrap replicates: max: 1000 + bootstopping (autoMRE, cutoff: 0.030000)
  random seed: 2
  tip-inner: OFF
  pattern compression: ON
  per-rate scalers: OFF
  site repeats: ON
  branch lengths: proportional (ML estimate, algorithm: NR-FAST)
  SIMD kernels: AVX
  parallelization: PTHREADS (4 threads), thread pinning: OFF

WARNING: The model you specified on the command line (Blosum62) will be ignored 
         since the binary MSA file already contains a model definition.
         If you want to change the model, please re-run RAxML-NG 
         with the original PHYLIP/FASTA alignment and --redo option.

[00:00:00] Loading binary alignment from file: R1_blos.raxml.rba
[00:00:00] Alignment comprises 250 taxa, 1 partitions and 1660 patterns

Partition 0: noname
Model: BLOSUM62
Alignment sites / patterns: 2027 / 1660
Gaps: 34.09 %
Invariant sites: 19.63 %


[00:00:00] NOTE: Resuming execution from checkpoint (logLH: -69510.17, ML trees: 12, bootstraps: 0)
[00:00:00] Data distribution: max. partitions/sites/weight per thread: 1 / 415 / 8300

Starting ML tree search with 20 distinct starting trees

[00:02:07] ML tree search #13, logLikelihood: -69510.165144
[00:06:39] ML tree search #14, logLikelihood: -69510.165434
[00:10:42] ML tree search #15, logLikelihood: -69506.834858
[00:14:04] ML tree search #16, logLikelihood: -69521.623964
[00:18:15] ML tree search #17, logLikelihood: -69506.834485
[00:22:22] ML tree search #18, logLikelihood: -69510.714969
[00:26:23] ML tree search #19, logLikelihood: -69507.384357
[00:29:28] ML tree search #20, logLikelihood: -69510.166239

[00:29:28] ML tree search completed, best tree logLH: -69506.834485

[00:29:28] Starting bootstrapping analysis with 1000 replicates.

[00:33:00] Bootstrap tree #1, logLikelihood: -69347.412281
[00:36:35] Bootstrap tree #2, logLikelihood: -69568.346600
[00:39:51] Bootstrap tree #3, logLikelihood: -70360.414476
[00:43:51] Bootstrap tree #4, logLikelihood: -69180.061993
[00:47:28] Bootstrap tree #5, logLikelihood: -69100.341198
[00:51:10] Bootstrap tree #6, logLikelihood: -67074.596037
[00:55:18] Bootstrap tree #7, logLikelihood: -68270.643074
[00:58:46] Bootstrap tree #8, logLikelihood: -68743.258761
[01:02:04] Bootstrap tree #9, logLikelihood: -66286.683727
[01:05:56] Bootstrap tree #10, logLikelihood: -68841.853769
[01:09:42] Bootstrap tree #11, logLikelihood: -69492.783006
[01:13:46] Bootstrap tree #12, logLikelihood: -73155.155806
[01:16:53] Bootstrap tree #13, logLikelihood: -67580.737796
[01:20:30] Bootstrap tree #14, logLikelihood: -69777.920118
[01:23:46] Bootstrap tree #15, logLikelihood: -72531.579712
[01:27:19] Bootstrap tree #16, logLikelihood: -67865.896218
[01:30:51] Bootstrap tree #17, logLikelihood: -70586.404293
[01:34:47] Bootstrap tree #18, logLikelihood: -69131.331925
[01:38:18] Bootstrap tree #19, logLikelihood: -67897.795755
[01:42:22] Bootstrap tree #20, logLikelihood: -68475.081861
[01:45:36] Bootstrap tree #21, logLikelihood: -69493.351812
[01:48:45] Bootstrap tree #22, logLikelihood: -72106.403765
[01:51:53] Bootstrap tree #23, logLikelihood: -70662.267207
[01:55:22] Bootstrap tree #24, logLikelihood: -70135.230344
[01:58:37] Bootstrap tree #25, logLikelihood: -69396.954396
[02:02:22] Bootstrap tree #26, logLikelihood: -70433.784570
[02:05:38] Bootstrap tree #27, logLikelihood: -69497.730254
[02:09:06] Bootstrap tree #28, logLikelihood: -70327.713439
[02:12:27] Bootstrap tree #29, logLikelihood: -67638.645749
[02:16:24] Bootstrap tree #30, logLikelihood: -70328.129160
[02:19:42] Bootstrap tree #31, logLikelihood: -66535.757245
[02:23:34] Bootstrap tree #32, logLikelihood: -72279.647440
[02:26:54] Bootstrap tree #33, logLikelihood: -70145.891870
[02:30:26] Bootstrap tree #34, logLikelihood: -68171.221878
[02:33:28] Bootstrap tree #35, logLikelihood: -70317.637769
[02:36:56] Bootstrap tree #36, logLikelihood: -71802.580989
[02:40:35] Bootstrap tree #37, logLikelihood: -67931.187080
[02:44:08] Bootstrap tree #38, logLikelihood: -69798.116552
[02:47:25] Bootstrap tree #39, logLikelihood: -71286.908854
[02:51:30] Bootstrap tree #40, logLikelihood: -70127.352483
[02:54:33] Bootstrap tree #41, logLikelihood: -70808.966675
[02:58:29] Bootstrap tree #42, logLikelihood: -68537.307762
[03:01:43] Bootstrap tree #43, logLikelihood: -69123.067320
[03:05:08] Bootstrap tree #44, logLikelihood: -70694.654817
[03:08:26] Bootstrap tree #45, logLikelihood: -69865.374799
[03:11:38] Bootstrap tree #46, logLikelihood: -70210.426086
[03:15:29] Bootstrap tree #47, logLikelihood: -65797.346321
[03:19:09] Bootstrap tree #48, logLikelihood: -66877.949303
[03:22:26] Bootstrap tree #49, logLikelihood: -66470.987267
[03:25:28] Bootstrap tree #50, logLikelihood: -68961.420696
[03:29:37] Bootstrap tree #51, logLikelihood: -69183.750176
[03:32:48] Bootstrap tree #52, logLikelihood: -69218.024140
[03:36:11] Bootstrap tree #53, logLikelihood: -69979.421771
[03:39:17] Bootstrap tree #54, logLikelihood: -67634.714319
[03:42:33] Bootstrap tree #55, logLikelihood: -66298.050074
[03:45:44] Bootstrap tree #56, logLikelihood: -67519.888241
[03:48:53] Bootstrap tree #57, logLikelihood: -69650.247484
[03:52:25] Bootstrap tree #58, logLikelihood: -67540.972421
[03:55:54] Bootstrap tree #59, logLikelihood: -68703.054351
[03:59:19] Bootstrap tree #60, logLikelihood: -72336.397278

RAxML-NG v. 0.8.0 BETA released on 11.01.2019 by The Exelixis Lab.
Authors: Alexey Kozlov, Alexandros Stamatakis, Diego Darriba, Tomas Flouri, Benoit Morel.
Latest version: https://github.com/amkozlov/raxml-ng
Questions/problems/suggestions? Please visit: https://groups.google.com/forum/#!forum/raxml

WARNING: This is a BETA release, please use at your own risk!

RAxML-NG was called at 16-Apr-2019 08:44:21 as follows:

raxml-ng --all --msa RAPTORB_NCBI_BLAST_viridiplantae250hits_alignment.fasta --model Blosum62 --prefix R1_blos --seed 2 --threads 4

Analysis options:
  run mode: ML tree search + bootstrapping (Felsenstein Bootstrap)
  start tree(s): random (10) + parsimony (10)
  bootstrap replicates: max: 1000 + bootstopping (autoMRE, cutoff: 0.030000)
  random seed: 2
  tip-inner: OFF
  pattern compression: ON
  per-rate scalers: OFF
  site repeats: ON
  branch lengths: proportional (ML estimate, algorithm: NR-FAST)
  SIMD kernels: AVX
  parallelization: PTHREADS (4 threads), thread pinning: OFF

WARNING: The model you specified on the command line (Blosum62) will be ignored 
         since the binary MSA file already contains a model definition.
         If you want to change the model, please re-run RAxML-NG 
         with the original PHYLIP/FASTA alignment and --redo option.

[00:00:00] Loading binary alignment from file: R1_blos.raxml.rba
[00:00:00] Alignment comprises 250 taxa, 1 partitions and 1660 patterns

Partition 0: noname
Model: BLOSUM62
Alignment sites / patterns: 2027 / 1660
Gaps: 34.09 %
Invariant sites: 19.63 %


[00:00:00] NOTE: Resuming execution from checkpoint (logLH: -78732.56, ML trees: 20, bootstraps: 60)
[00:00:00] Data distribution: max. partitions/sites/weight per thread: 1 / 415 / 8300

[00:00:00] ML tree search completed, best tree logLH: -69506.834485

[00:00:00] Starting bootstrapping analysis with 1000 replicates.

[00:02:41] Bootstrap tree #61, logLikelihood: -67070.510274
[00:06:08] Bootstrap tree #62, logLikelihood: -69558.261144
[00:10:33] Bootstrap tree #63, logLikelihood: -70312.021308
[00:13:44] Bootstrap tree #64, logLikelihood: -70209.210244
[00:16:57] Bootstrap tree #65, logLikelihood: -71928.073425
[00:20:26] Bootstrap tree #66, logLikelihood: -68853.720672
[00:24:21] Bootstrap tree #67, logLikelihood: -67872.158896
[00:27:45] Bootstrap tree #68, logLikelihood: -68943.996686
[00:31:04] Bootstrap tree #69, logLikelihood: -67616.208883
[00:34:27] Bootstrap tree #70, logLikelihood: -71910.512072
[00:38:00] Bootstrap tree #71, logLikelihood: -70247.751757
[00:41:22] Bootstrap tree #72, logLikelihood: -73394.095367
[00:44:42] Bootstrap tree #73, logLikelihood: -67474.914906
[00:48:01] Bootstrap tree #74, logLikelihood: -70444.742087
[00:51:58] Bootstrap tree #75, logLikelihood: -71531.001048
[00:56:08] Bootstrap tree #76, logLikelihood: -71434.933052
[00:59:36] Bootstrap tree #77, logLikelihood: -69850.946850
[01:02:51] Bootstrap tree #78, logLikelihood: -69346.928977
[01:07:02] Bootstrap tree #79, logLikelihood: -73276.038965
[01:10:56] Bootstrap tree #80, logLikelihood: -69455.419255
[01:14:05] Bootstrap tree #81, logLikelihood: -69651.975299
[01:17:25] Bootstrap tree #82, logLikelihood: -69956.396708
[01:20:35] Bootstrap tree #83, logLikelihood: -70987.674246
[01:23:57] Bootstrap tree #84, logLikelihood: -65189.955208
[01:28:04] Bootstrap tree #85, logLikelihood: -69084.811875
[01:31:26] Bootstrap tree #86, logLikelihood: -70720.318013
[01:34:51] Bootstrap tree #87, logLikelihood: -68617.228729
[01:38:37] Bootstrap tree #88, logLikelihood: -67223.593344
[01:42:21] Bootstrap tree #89, logLikelihood: -71189.565211
[01:45:37] Bootstrap tree #90, logLikelihood: -69631.110356
