
RAxML-NG v. 0.8.0 BETA released on 11.01.2019 by The Exelixis Lab.
Authors: Alexey Kozlov, Alexandros Stamatakis, Diego Darriba, Tomas Flouri, Benoit Morel.
Latest version: https://github.com/amkozlov/raxml-ng
Questions/problems/suggestions? Please visit: https://groups.google.com/forum/#!forum/raxml

WARNING: This is a BETA release, please use at your own risk!

RAxML-NG was called at 15-Apr-2019 20:01:56 as follows:

raxml-ng --all --msa RAPTORB_NCBI_BLAST_viridiplantae500hits_alignment.fasta --model Blosum62 --prefix R1_blos --seed 2 --threads 3

Analysis options:
  run mode: ML tree search + bootstrapping (Felsenstein Bootstrap)
  start tree(s): random (10) + parsimony (10)
  bootstrap replicates: max: 1000 + bootstopping (autoMRE, cutoff: 0.030000)
  random seed: 2
  tip-inner: OFF
  pattern compression: ON
  per-rate scalers: OFF
  site repeats: ON
  branch lengths: proportional (ML estimate, algorithm: NR-FAST)
  SIMD kernels: AVX
  parallelization: PTHREADS (3 threads), thread pinning: OFF

[00:00:00] Reading alignment from file: RAPTORB_NCBI_BLAST_viridiplantae500hits_alignment.fasta
[00:00:00] Loaded alignment with 500 taxa and 4514 sites

WARNING: Fully undetermined columns found: 2

NOTE: Reduced alignment (with duplicates and gap-only sites/taxa removed) 
NOTE: was saved to: /home/chrisfm/EEOB563_S19FinalProject/seq/R1_blos.raxml.reduced.phy

Alignment comprises 1 partitions and 3149 patterns

Partition 0: noname
Model: BLOSUM62
Alignment sites / patterns: 4512 / 3149
Gaps: 76.90 %
Invariant sites: 13.70 %


NOTE: Binary MSA file created: R1_blos.raxml.rba

[00:00:00] Generating 10 random starting tree(s) with 500 taxa
[00:00:00] Generating 10 parsimony starting tree(s) with 500 taxa
[00:00:31] Data distribution: max. partitions/sites/weight per thread: 1 / 1050 / 21000

Starting ML tree search with 20 distinct starting trees

