
RAxML-NG v. 0.8.0 BETA released on 11.01.2019 by The Exelixis Lab.
Authors: Alexey Kozlov, Alexandros Stamatakis, Diego Darriba, Tomas Flouri, Benoit Morel.
Latest version: https://github.com/amkozlov/raxml-ng
Questions/problems/suggestions? Please visit: https://groups.google.com/forum/#!forum/raxml

WARNING: This is a BETA release, please use at your own risk!

RAxML-NG was called at 15-Apr-2019 21:55:46 as follows:

raxml-ng --all --msa RAPTORB_NCBI_BLAST_viridiplantae250hits_alignment.fasta --model Blosum62 --prefix R1_blos --seed 2 --threads 4

Analysis options:
  run mode: ML tree search + bootstrapping (Felsenstein Bootstrap)
  start tree(s): random (10) + parsimony (10)
  bootstrap replicates: max: 1000 + bootstopping (autoMRE, cutoff: 0.030000)
  random seed: 2
  tip-inner: OFF
  pattern compression: ON
  per-rate scalers: OFF
  site repeats: ON
  branch lengths: proportional (ML estimate, algorithm: NR-FAST)
  SIMD kernels: AVX
  parallelization: PTHREADS (4 threads), thread pinning: OFF

[00:00:00] Reading alignment from file: RAPTORB_NCBI_BLAST_viridiplantae250hits_alignment.fasta
[00:00:00] Loaded alignment with 250 taxa and 2028 sites

WARNING: Fully undetermined columns found: 1

NOTE: Reduced alignment (with duplicates and gap-only sites/taxa removed) 
NOTE: was saved to: /home/chrisfm/EEOB563_S19FinalProject/seq/R1_blos.raxml.reduced.phy

Alignment comprises 1 partitions and 1660 patterns

Partition 0: noname
Model: BLOSUM62
Alignment sites / patterns: 2027 / 1660
Gaps: 34.09 %
Invariant sites: 19.63 %


NOTE: Binary MSA file created: R1_blos.raxml.rba

[00:00:00] Generating 10 random starting tree(s) with 250 taxa
[00:00:00] Generating 10 parsimony starting tree(s) with 250 taxa
[00:00:03] Data distribution: max. partitions/sites/weight per thread: 1 / 415 / 8300

Starting ML tree search with 20 distinct starting trees

[00:05:27] ML tree search #1, logLikelihood: -69515.317402
[00:10:47] ML tree search #2, logLikelihood: -69518.455430
[00:16:00] ML tree search #3, logLikelihood: -69510.577018
[00:20:35] ML tree search #4, logLikelihood: -69515.253287
[00:24:58] ML tree search #5, logLikelihood: -69527.212823
[00:30:48] ML tree search #6, logLikelihood: -69510.864953
[00:35:26] ML tree search #7, logLikelihood: -69531.406319
[00:40:54] ML tree search #8, logLikelihood: -69521.090224
[00:46:23] ML tree search #9, logLikelihood: -69510.530440
[00:51:00] ML tree search #10, logLikelihood: -69518.649207
[00:54:11] ML tree search #11, logLikelihood: -69514.769283
[00:57:43] ML tree search #12, logLikelihood: -69510.166454
