
RAxML-NG v. 0.8.0 BETA released on 11.01.2019 by The Exelixis Lab.
Authors: Alexey Kozlov, Alexandros Stamatakis, Diego Darriba, Tomas Flouri, Benoit Morel.
Latest version: https://github.com/amkozlov/raxml-ng
Questions/problems/suggestions? Please visit: https://groups.google.com/forum/#!forum/raxml

WARNING: This is a BETA release, please use at your own risk!

RAxML-NG was called at 17-Apr-2019 23:57:25 as follows:

raxml-ng --evaluate --msa LST8-1_NCBI_HomoloGene.fasta.ren.align --model LG+F --tree RAxML__12_bestTree.result --prefix LST8_homolo_LG

Analysis options:
  run mode: Evaluate tree likelihood
  start tree(s): user
  random seed: 1555563445
  tip-inner: OFF
  pattern compression: ON
  per-rate scalers: OFF
  site repeats: ON
  branch lengths: proportional (ML estimate, algorithm: NR-FAST)
  SIMD kernels: AVX
  parallelization: PTHREADS (8 threads), thread pinning: OFF

[00:00:00] Reading alignment from file: LST8-1_NCBI_HomoloGene.fasta.ren.align
[00:00:00] Loaded alignment with 20 taxa and 404 sites

Alignment comprises 1 partitions and 355 patterns

Partition 0: noname
Model: LG+FC
Alignment sites / patterns: 404 / 355
Gaps: 20.37 %
Invariant sites: 15.10 %


NOTE: Binary MSA file created: LST8_homolo_LG.raxml.rba


WARNING: You might be using too many threads (8) for your alignment with 355 unique patterns.
NOTE:    For the optimal throughput, please consider using fewer threads 
NOTE:    and parallelize across starting trees/bootstrap replicates.
NOTE:    As a general rule-of-thumb, please assign at least 200-1000 alignment patterns per thread.

[00:00:00] Loading user starting tree(s) from: RAxML__12_bestTree.result
[00:00:00] Data distribution: max. partitions/sites/weight per thread: 1 / 45 / 900

Evaluating 1 trees

[00:00:00] Tree #1, initial LogLikelihood: -5440.372148

[00:00:00 -5440.372148] Initial branch length optimization
[00:00:00 -5427.881563] Model parameter optimization (eps = 0.100000)

[00:00:00] Tree #1, final logLikelihood: -5427.877258


Optimized model parameters:

   Partition 0: noname
   Rate heterogeneity: NONE
   Base frequencies (empirical): 0.078489 0.049580 0.056419 0.064190 0.034349 0.044607 0.041187 0.062947 0.039478 0.059838 0.068542 0.031707 0.020982 0.023158 0.039167 0.087193 0.070563 0.028909 0.029375 0.069319 
   Substitution rates (model): 0.425093 0.276818 0.395144 2.489084 0.969894 1.038545 2.066040 0.358858 0.149830 0.395337 0.536518 1.124035 0.253701 1.177651 4.727182 2.139501 0.180717 0.218959 2.547870 0.751878 0.123954 0.534551 2.807908 0.363970 0.390192 2.426601 0.126991 0.301848 6.326067 0.484133 0.052722 0.332533 0.858151 0.578987 0.593607 0.314440 0.170887 5.076149 0.528768 1.695752 0.541712 1.437645 4.509238 0.191503 0.068427 2.145078 0.371004 0.089525 0.161787 4.008358 2.000679 0.045376 0.612025 0.083688 0.062556 0.523386 5.243870 0.844926 0.927114 0.010690 0.015076 0.282959 0.025548 0.017416 0.394456 1.240275 0.425860 0.029890 0.135107 0.037967 0.084808 0.003499 0.569265 0.640543 0.320627 0.594007 0.013266 0.893680 1.105251 0.075382 2.784478 1.143480 0.670128 1.165532 1.959291 4.128591 0.267959 4.813505 0.072854 0.582457 3.234294 1.672569 0.035855 0.624294 1.223828 1.080136 0.236199 0.257336 0.210332 0.348847 0.423881 0.044265 0.069673 1.807177 0.173735 0.018811 0.419409 0.611973 0.604545 0.077852 0.120037 0.245034 0.311484 0.008705 0.044261 0.296636 0.139538 0.089586 0.196961 1.739990 0.129836 0.268491 0.054679 0.076701 0.108882 0.366317 0.697264 0.442472 0.682139 0.508851 0.990012 0.584262 0.597054 5.306834 0.119013 4.145067 0.159069 4.273607 1.112727 0.078281 0.064105 1.033739 0.111660 0.232523 10.649107 0.137500 6.312358 2.592692 0.249060 0.182287 0.302936 0.619632 0.299648 1.702745 0.656604 0.023918 0.390322 0.748683 1.136863 0.049906 0.131932 0.185202 1.798853 0.099849 0.346960 2.020366 0.696175 0.481306 1.898718 0.094464 0.361819 0.165001 2.457121 7.803902 0.654683 1.338132 0.571468 0.095131 0.089613 0.296501 6.472279 0.248862 0.400547 0.098369 0.140825 0.245841 2.188158 3.151815 0.189510 0.249313 

Final LogLikelihood: -5427.877258

AIC score: 10967.754516 / AICc score: 10986.152210 / BIC score: 11191.833749
Free parameters (model + branch lengths): 56


All optimized tree(s) saved to: /home/chrisfm/EEOB563_S19FinalProject/seq/LST8-1/LST8_homolo_LG.raxml.mlTrees
Optimized model saved to: /home/chrisfm/EEOB563_S19FinalProject/seq/LST8-1/LST8_homolo_LG.raxml.bestModel

Execution log saved to: /home/chrisfm/EEOB563_S19FinalProject/seq/LST8-1/LST8_homolo_LG.raxml.log

Analysis started: 17-Apr-2019 23:57:25 / finished: 17-Apr-2019 23:57:25

Elapsed time: 0.050 seconds

