
RAxML-NG v. 0.8.0 BETA released on 11.01.2019 by The Exelixis Lab.
Authors: Alexey Kozlov, Alexandros Stamatakis, Diego Darriba, Tomas Flouri, Benoit Morel.
Latest version: https://github.com/amkozlov/raxml-ng
Questions/problems/suggestions? Please visit: https://groups.google.com/forum/#!forum/raxml

WARNING: This is a BETA release, please use at your own risk!

RAxML-NG was called at 17-Apr-2019 23:46:54 as follows:

raxml-ng --evaluate --msa TOR_ENSEMBL_gene_tree.fasta --model LG+F --tree RAxML________18_bestTree.result --prefix TOR_ENSEMBL_LG

Analysis options:
  run mode: Evaluate tree likelihood
  start tree(s): user
  random seed: 1555562814
  tip-inner: OFF
  pattern compression: ON
  per-rate scalers: OFF
  site repeats: ON
  branch lengths: proportional (ML estimate, algorithm: NR-FAST)
  SIMD kernels: AVX
  parallelization: PTHREADS (8 threads), thread pinning: OFF

[00:00:00] Reading alignment from file: TOR_ENSEMBL_gene_tree.fasta
[00:00:00] Loaded alignment with 98 taxa and 12612 sites

Alignment comprises 1 partitions and 8201 patterns

Partition 0: noname
Model: LG+FC
Alignment sites / patterns: 12612 / 8201
Gaps: 78.77 %
Invariant sites: 3.83 %


NOTE: Binary MSA file created: TOR_ENSEMBL_LG.raxml.rba

[00:00:00] Loading user starting tree(s) from: RAxML________18_bestTree.result

ERROR: Some taxa are missing from the alignment file

