
RAxML-NG v. 0.8.0 BETA released on 11.01.2019 by The Exelixis Lab.
Authors: Alexey Kozlov, Alexandros Stamatakis, Diego Darriba, Tomas Flouri, Benoit Morel.
Latest version: https://github.com/amkozlov/raxml-ng
Questions/problems/suggestions? Please visit: https://groups.google.com/forum/#!forum/raxml

WARNING: This is a BETA release, please use at your own risk!

RAxML-NG was called at 18-Apr-2019 00:10:25 as follows:

raxml-ng --evaluate --msa RAPTORB_NCBI_HomoloGene.fasta.align --model BLOSUM62+F --tree RAxML____16_bestTree.result --prefix RAPTORB_homolo_BLOSUM62

Analysis options:
  run mode: Evaluate tree likelihood
  start tree(s): user
  random seed: 1555564225
  tip-inner: OFF
  pattern compression: ON
  per-rate scalers: OFF
  site repeats: ON
  branch lengths: proportional (ML estimate, algorithm: NR-FAST)
  SIMD kernels: AVX
  parallelization: PTHREADS (8 threads), thread pinning: OFF

[00:00:00] Reading alignment from file: RAPTORB_NCBI_HomoloGene.fasta.align
[00:00:00] Loaded alignment with 21 taxa and 2163 sites

NOTE: Reduced alignment (with duplicates and gap-only sites/taxa removed) 
NOTE: was saved to: /home/chrisfm/EEOB563_S19FinalProject/seq/RaptorB/RAPTORB_homolo_BLOSUM62.raxml.reduced.phy

ERROR: Following taxon name contains invalid characters: gi|18398267|ref|NP_566335.1| Regulatory-associated protein of TOR 1 [Arabidopsis thaliana]
ERROR: Following taxon name contains invalid characters: gi|334187369|ref|NP_195797.3| regulatory-associated protein of TOR 2 (RAPTOR2) [Arabidopsis thaliana]
ERROR: Following taxon name contains invalid characters: gi|194332707|ref|NP_001123843.1| regulatory-associated protein of mTOR [Xenopus tropicalis]
ERROR: Following taxon name contains invalid characters: gi|85074787|ref|XP_965761.1| hypothetical protein NCU00621 [Neurospora crassa OR74A]
ERROR: Following taxon name contains invalid characters: gi|260166603|ref|NP_001127971.2| regulatory-associated protein of mTOR [Rattus norvegicus]
ERROR: Following taxon name contains invalid characters: gi|109118990|ref|XP_001110471.1| PREDICTED: regulatory-associated protein of mTOR-like isoform 2 [Macaca mulatta]
ERROR: Following taxon name contains invalid characters: gi|73964853|ref|XP_850487.1| regulatory-associated protein of mTOR isoform X1 [Canis lupus familiaris]
ERROR: Following taxon name contains invalid characters: gi|389646453|ref|XP_003720858.1| WD repeat-containing protein mip1 [Pyricularia oryzae 70-15]
ERROR: Following taxon name contains invalid characters: gi|22094987|ref|NP_065812.1| regulatory-associated protein of mTOR isoform 1 [Homo sapiens]
ERROR: Following taxon name contains invalid characters: gi|410052301|ref|XP_003953266.1| PREDICTED: regulatory-associated protein of mTOR [Pan troglodytes]
ERROR: Following taxon name contains invalid characters: gi|118099838|ref|XP_426232.2| regulatory-associated protein of mTOR isoform X5 [Gallus gallus]
ERROR: Following taxon name contains invalid characters: gi|50302953|ref|XP_451414.1| uncharacterized protein KLLA0_A09471g [Kluyveromyces lactis]
ERROR: Following taxon name contains invalid characters: gi|528482087|ref|XP_005157411.1| regulatory-associated protein of mTOR isoform X1 [Danio rerio]
ERROR: Following taxon name contains invalid characters: gi|154146249|ref|NP_083174.2| regulatory-associated protein of mTOR isoform 1 [Mus musculus]
ERROR: Following taxon name contains invalid characters: gi|442615269|ref|NP_572294.2| raptor, isoform B [Drosophila melanogaster]
ERROR: Following taxon name contains invalid characters: gi|115486948|ref|NP_001065961.1| Os12g0110000 [Oryza sativa Japonica Group]
ERROR: Following taxon name contains invalid characters: gi|19114282|ref|NP_593370.1| WD repeat-containing protein [Schizosaccharomyces pombe]
ERROR: Following taxon name contains invalid characters: gi|300798230|ref|NP_001179059.1| RPTOR gene product [Bos taurus]
ERROR: Following taxon name contains invalid characters: gi|158299070|ref|XP_001689178.1| AGAP010035-PA, partial [Anopheles gambiae str. PEST]
ERROR: Following taxon name contains invalid characters: gi|6321980|ref|NP_012056.1| TPA: ubiquitin-binding TORC1 subunit KOG1 [Saccharomyces cerevisiae S288C]
ERROR: Following taxon name contains invalid characters: gi|302307709|ref|NP_984427.2| ADR331Cp [Eremothecium gossypii ATCC 10895]

NOTE: Following symbols are not allowed in taxa names to ensure Newick compatibility:
NOTE: " " (space), ";" (semicolon), ":" (colon), "," (comma), "()" (parentheses), "'" (quote). 
NOTE: Please either correct the names manually, or use the reduced alignment file
NOTE: generated by RAxML-NG (see above).

ERROR: Alignment check failed (see details above)!

